<?xml version="1.0" encoding="UTF-8"?>
<!-- Generated by org.testng.reporters.JUnitReportReporter -->
<testsuite hostname="DESKTOP-0NLBU48" failures="0" tests="4" name="tests.ProductBrowsingTest" time="45.073" errors="0" timestamp="2025-07-01T02:47:15 IST" skipped="0">
  <testcase classname="tests.ProductBrowsingTest" name="browsePhonesCategory" time="8.271"/>
  <testcase classname="tests.ProductBrowsingTest" name="viewProductDetails" time="8.792"/>
  <testcase classname="tests.ProductBrowsingTest" name="navigateToHomeFromNavbar" time="11.951"/>
  <testcase classname="tests.ProductBrowsingTest" name="navigateUsingNavbarLinks" time="16.059"/>
</testsuite> <!-- tests.ProductBrowsingTest -->
