<?xml version="1.0" encoding="UTF-8"?>
<!-- Generated by org.testng.reporters.JUnitReportReporter -->
<testsuite hostname="DESKTOP-0NLBU48" failures="0" tests="1" name="tests.ResponsiveDesignTest" time="8.212" errors="0" timestamp="2025-07-01T02:47:15 IST" skipped="0">
  <testcase classname="tests.ResponsiveDesignTest" name="verifyNoHorizontalScroll" time="8.212"/>
</testsuite> <!-- tests.ResponsiveDesignTest -->
