<?xml version="1.0" encoding="UTF-8"?>
<!-- Generated by org.testng.reporters.JUnitReportReporter -->
<testsuite hostname="DESKTOP-0NLBU48" failures="0" tests="3" name="tests.SignupTest" time="30.657" errors="0" timestamp="2025-07-01T02:47:15 IST" skipped="0">
  <testcase classname="tests.SignupTest" name="signUpWithUniqueCredentials" time="10.392"/>
  <testcase classname="tests.SignupTest" name="signUpWithExistingUsername" time="10.253"/>
  <testcase classname="tests.SignupTest" name="signUpWithEmptyFields" time="10.012"/>
</testsuite> <!-- tests.SignupTest -->
