<?xml version="1.0" encoding="UTF-8"?>
<!-- Generated by org.testng.reporters.JUnitReportReporter -->
<testsuite hostname="DESKTOP-0NLBU48" failures="0" tests="4" name="tests.UIUXTest" time="27.896" errors="0" timestamp="2025-07-08T03:17:19 IST" skipped="0">
  <testcase classname="tests.UIUXTest" name="verifyProductTileAlignment" time="6.002"/>
  <testcase classname="tests.UIUXTest" name="checkVisibilityOfActionButtons" time="5.571"/>
  <testcase classname="tests.UIUXTest" name="checkFontConsistency" time="5.557"/>
  <testcase classname="tests.UIUXTest" name="testAlertPopupStyling" time="10.766"/>
</testsuite> <!-- tests.UIUXTest -->
