<?xml version="1.0" encoding="UTF-8"?>
<!-- Generated by org.testng.reporters.JUnitReportReporter -->
<testsuite hostname="DESKTOP-0NLBU48" failures="0" tests="3" name="tests.SignupTest" time="32.739" errors="0" timestamp="2025-07-08T03:17:19 IST" skipped="0">
  <testcase classname="tests.SignupTest" name="signUpWithUniqueCredentials" time="10.942"/>
  <testcase classname="tests.SignupTest" name="signUpWithExistingUsername" time="11.130"/>
  <testcase classname="tests.SignupTest" name="signUpWithEmptyFields" time="10.667"/>
</testsuite> <!-- tests.SignupTest -->
