<?xml version="1.0" encoding="UTF-8"?>
<!-- Generated by org.testng.reporters.JUnitReportReporter -->
<testsuite hostname="DESKTOP-0NLBU48" failures="0" tests="1" name="tests.LogoutTest" time="14.448" errors="0" timestamp="2025-07-08T03:17:19 IST" skipped="0">
  <testcase classname="tests.LogoutTest" name="verifyLogoutAfterLogin" time="14.448"/>
</testsuite> <!-- tests.LogoutTest -->
