<?xml version="1.0" encoding="UTF-8"?>
<!-- Generated by org.testng.reporters.JUnitReportReporter -->
<testsuite hostname="DESKTOP-0NLBU48" failures="0" tests="4" name="tests.UIUXTest" time="28.622" errors="0" timestamp="2025-07-01T02:47:15 IST" skipped="0">
  <testcase classname="tests.UIUXTest" name="verifyProductTileAlignment" time="5.677"/>
  <testcase classname="tests.UIUXTest" name="checkVisibilityOfActionButtons" time="5.864"/>
  <testcase classname="tests.UIUXTest" name="checkFontConsistency" time="6.028"/>
  <testcase classname="tests.UIUXTest" name="testAlertPopupStyling" time="11.053"/>
</testsuite> <!-- tests.UIUXTest -->
