<?xml version="1.0" encoding="UTF-8"?>
<!-- Generated by org.testng.reporters.JUnitReportReporter -->
<testsuite hostname="DESKTOP-0NLBU48" failures="0" tests="5" name="tests.LoginTest" time="59.058" errors="0" timestamp="2025-07-08T03:17:19 IST" skipped="0">
  <testcase classname="tests.LoginTest" name="loginWithValidCredentials" time="11.722"/>
  <testcase classname="tests.LoginTest" name="loginWithWrongPassword" time="15.970"/>
  <testcase classname="tests.LoginTest" name="loginWithEmptyFields" time="11.249"/>
  <testcase classname="tests.LoginTest" name="loginWithInvalidEmailFormat" time="10.747"/>
  <testcase classname="tests.LoginTest" name="verifyPasswordIsMasked" time="9.370"/>
</testsuite> <!-- tests.LoginTest -->
