<?xml version="1.0" encoding="UTF-8"?>
<!-- Generated by org.testng.reporters.JUnitReportReporter -->
<testsuite hostname="DESKTOP-0NLBU48" failures="0" tests="5" name="tests.LoginTest" time="56.358" errors="0" timestamp="2025-07-01T02:47:15 IST" skipped="0">
  <testcase classname="tests.LoginTest" name="loginWithValidCredentials" time="12.100"/>
  <testcase classname="tests.LoginTest" name="loginWithWrongPassword" time="11.657"/>
  <testcase classname="tests.LoginTest" name="loginWithEmptyFields" time="10.870"/>
  <testcase classname="tests.LoginTest" name="loginWithInvalidEmailFormat" time="10.778"/>
  <testcase classname="tests.LoginTest" name="verifyPasswordIsMasked" time="10.953"/>
</testsuite> <!-- tests.LoginTest -->
