<?xml version="1.0" encoding="UTF-8"?>
<!-- Generated by org.testng.reporters.JUnitReportReporter -->
<testsuite hostname="DESKTOP-0NLBU48" failures="0" tests="4" name="tests.ProductBrowsingTest" time="38.403" errors="0" timestamp="2025-07-08T03:17:19 IST" skipped="0">
  <testcase classname="tests.ProductBrowsingTest" name="browsePhonesCategory" time="7.391"/>
  <testcase classname="tests.ProductBrowsingTest" name="viewProductDetails" time="8.177"/>
  <testcase classname="tests.ProductBrowsingTest" name="navigateToHomeFromNavbar" time="8.256"/>
  <testcase classname="tests.ProductBrowsingTest" name="navigateUsingNavbarLinks" time="14.579"/>
</testsuite> <!-- tests.ProductBrowsingTest -->
